flash-chat-flutter/build/app/outputs/mapping/release/mapping.txt
# compiler: R8
# compiler_version: 1.5.69
# min_api: 16
# pg_map_id: 612f358
...
com.google.firebase.firestore.proto.Target -> com.google.firebase.firestore.b1.e:
    com.google.firebase.firestore.proto.Target$Builder newBuilder() -> A
    void access$1100(com.google.firebase.firestore.proto.Target,com.google.firestore.v1.Target$QueryTarget) -> a
    void access$1400(com.google.firebase.firestore.proto.Target,com.google.firestore.v1.Target$DocumentsTarget) -> a
    void access$1700(com.google.firebase.firestore.proto.Target,com.google.protobuf.Timestamp) -> a
    void access$1900(com.google.firebase.firestore.proto.Target) -> a
    void access$200(com.google.firebase.firestore.proto.Target,int) -> a
    void access$700(com.google.firebase.firestore.proto.Target,com.google.protobuf.ByteString) -> a
    void access$900(com.google.firebase.firestore.proto.Target,long) -> a
    java.lang.Object dynamicMethod(com.google.protobuf.GeneratedMessageLite$MethodToInvoke,java.lang.Object,java.lang.Object) -> a
    com.google.firebase.firestore.proto.Target parseFrom(byte[]) -> a
    void setDocuments(com.google.firestore.v1.Target$DocumentsTarget) -> a
    void setLastLimboFreeSnapshotVersion(com.google.protobuf.Timestamp) -> a
    void setLastListenSequenceNumber(long) -> a
    void setQuery(com.google.firestore.v1.Target$QueryTarget) -> a
    void setResumeToken(com.google.protobuf.ByteString) -> a
    void access$400(com.google.firebase.firestore.proto.Target,com.google.protobuf.Timestamp) -> b
    void setSnapshotVersion(com.google.protobuf.Timestamp) -> b
com.google.firebase.firestore.proto.Target$1 -> com.google.firebase.firestore.b1.e$a:
    int[] $SwitchMap$com$google$protobuf$GeneratedMessageLite$MethodToInvoke -> a
com.google.firebase.firestore.proto.Target$Builder -> com.google.firebase.firestore.b1.e$b:
    com.google.firebase.firestore.proto.Target$Builder setDocuments(com.google.firestore.v1.Target$DocumentsTarget) -> a
    com.google.firebase.firestore.proto.Target$Builder setLastLimboFreeSnapshotVersion(com.google.protobuf.Timestamp) -> a
    com.google.firebase.firestore.proto.Target$Builder setLastListenSequenceNumber(long) -> a
    com.google.firebase.firestore.proto.Target$Builder setQuery(com.google.firestore.v1.Target$QueryTarget) -> a
    com.google.firebase.firestore.proto.Target$Builder setResumeToken(com.google.protobuf.ByteString) -> a
    com.google.firebase.firestore.proto.Target$Builder setTargetId(int) -> a
    com.google.firebase.firestore.proto.Target$Builder setSnapshotVersion(com.google.protobuf.Timestamp) -> b
    com.google.firebase.firestore.proto.Target$Builder clearLastLimboFreeSnapshotVersion() -> f
com.google.firebase.firestore.proto.Target$TargetTypeCase -> com.google.firebase.firestore.b1.e$c:
    com.google.firebase.firestore.proto.Target$TargetTypeCase TARGETTYPE_NOT_SET -> m
    com.google.firebase.firestore.proto.Target$TargetTypeCase QUERY -> k
    com.google.firebase.firestore.proto.Target$TargetTypeCase[] $VALUES -> n
    com.google.firebase.firestore.proto.Target$TargetTypeCase DOCUMENTS -> l
    com.google.firebase.firestore.proto.Target$TargetTypeCase forNumber(int) -> a
com.google.firebase.firestore.proto.TargetOrBuilder -> com.google.firebase.firestore.b1.f: